Build started 8/30/2021 1:06:54 PM.
     1>Project "F:\Educational Materials\Computer Science\CS Semester 3\Data\yahia mahmoud 173269 project phase 3 - Copy\Compress\Compress\Compress.vcxproj" on node 2 (build target(s)).
     1>InitializeBuildStatus:
         Creating "Debug\Compress.unsuccessfulbuild" because "AlwaysCreate" was specified.
       ClCompile:
         C:\Program Files (x86)\Microsoft Visual Studio 10.0\VC\bin\CL.exe /c /ZI /nologo /W3 /WX- /Od /Oy- /D _MBCS /Gm /EHsc /RTC1 /MDd /GS /fp:precise /Zc:wchar_t /Zc:forScope /Fo"Debug\\" /Fd"Debug\vc100.pdb" /Gd /TP /analyze- /errorReport:prompt Compress.cpp
         Compress.cpp
     1>f:\educational materials\computer science\cs semester 3\data\yahia mahmoud 173269 project phase 3 - copy\compress\compress\compress.cpp(231): warning C4244: 'initializing' : conversion from 'std::streamoff' to 'int', possible loss of data
     1>f:\educational materials\computer science\cs semester 3\data\yahia mahmoud 173269 project phase 3 - copy\compress\compress\compress.cpp(225): warning C4101: 'N' : unreferenced local variable
       Link:
         C:\Program Files (x86)\Microsoft Visual Studio 10.0\VC\bin\link.exe /ERRORREPORT:PROMPT /OUT:"F:\Educational Materials\Computer Science\CS Semester 3\Data\yahia mahmoud 173269 project phase 3 - Copy\Compress\Debug\Compress.exe" /NOLOGO kernel32.lib user32.lib gdi32.lib winspool.lib comdlg32.lib advapi32.lib shell32.lib ole32.lib oleaut32.lib uuid.lib odbc32.lib odbccp32.lib /MANIFEST /ManifestFile:"Debug\Compress.exe.intermediate.manifest" /MANIFESTUAC:"level='asInvoker' uiAccess='false'" /DEBUG /PDB:"F:\Educational Materials\Computer Science\CS Semester 3\Data\yahia mahmoud 173269 project phase 3 - Copy\Compress\Debug\Compress.pdb" /TLBID:1 /DYNAMICBASE /NXCOMPAT /IMPLIB:"F:\Educational Materials\Computer Science\CS Semester 3\Data\yahia mahmoud 173269 project phase 3 - Copy\Compress\Debug\Compress.lib" /MACHINE:X86 Debug\Compress.obj
         LINK : F:\Educational Materials\Computer Science\CS Semester 3\Data\yahia mahmoud 173269 project phase 3 - Copy\Compress\Debug\Compress.exe not found or not built by the last incremental link; performing full link
         Compress.vcxproj -> F:\Educational Materials\Computer Science\CS Semester 3\Data\yahia mahmoud 173269 project phase 3 - Copy\Compress\Debug\Compress.exe
       Manifest:
         C:\Program Files (x86)\Microsoft SDKs\Windows\v7.0A\bin\mt.exe /nologo /verbose /outputresource:"F:\Educational Materials\Computer Science\CS Semester 3\Data\yahia mahmoud 173269 project phase 3 - Copy\Compress\Debug\Compress.exe;#1" /manifest Debug\Compress.exe.intermediate.manifest
       FinalizeBuildStatus:
         Deleting file "Debug\Compress.unsuccessfulbuild".
         Touching "Debug\Compress.lastbuildstate".
     1>Done Building Project "F:\Educational Materials\Computer Science\CS Semester 3\Data\yahia mahmoud 173269 project phase 3 - Copy\Compress\Compress\Compress.vcxproj" (build target(s)).

Build succeeded.

Time Elapsed 00:00:02.57
